Arguments: 
  /usr/local/bin/node /usr/local/bin/yarnpkg install

PATH: 
  /Users/mac/.cargo/bin:/usr/local/bin:/usr/bin:/bin:/usr/sbin:/sbin:/Library/Apple/usr/bin:/Users/mac/Library/Android/sdk/emulator:/Users/mac/Library/Android/sdk/tools:/Users/mac/Library/Android/sdk/tools/bin:/Users/mac/Library/Android/sdk/platform-tools

Yarn version: 
  1.22.19

Node version: 
  14.16.0

Platform: 
  darwin x64

Trace: 
  Error: ENOSPC: no space left on device, copyfile '/Users/mac/Library/Caches/Yarn/v6/npm-react-native-0.70.5-f60540b21d338891086e0a834e331c124dd1f55c-integrity/node_modules/react-native/ReactCommon/react/renderer/runtimescheduler/tests/StubErrorUtils.h' -> '/Users/mac/Desktop/JUIT-APP/node_modules/react-native/ReactCommon/react/renderer/runtimescheduler/tests/StubErrorUtils.h'

npm manifest: 
  {
    "name": "juit-app",
    "version": "1.0.0",
    "main": "node_modules/expo/AppEntry.js",
    "scripts": {
      "start": "expo start",
      "android": "expo start --android",
      "ios": "expo start --ios",
      "web": "expo start --web",
      "test": "jest --watchAll"
    },
    "jest": {
      "preset": "jest-expo"
    },
    "dependencies": {
      "@expo/vector-icons": "^13.0.0",
      "@react-navigation/bottom-tabs": "^6.0.5",
      "@react-navigation/native": "^6.0.2",
      "@react-navigation/native-stack": "^6.1.0",
      "expo": "~47.0.12",
      "expo-asset": "~8.7.0",
      "expo-constants": "~14.0.2",
      "expo-font": "~11.0.1",
      "expo-linking": "~3.3.0",
      "expo-splash-screen": "~0.17.5",
      "expo-status-bar": "~1.4.2",
      "expo-system-ui": "~2.0.1",
      "expo-web-browser": "~12.0.0",
      "react": "18.1.0",
      "react-dom": "18.1.0",
      "react-native": "0.70.5",
      "react-native-safe-area-context": "4.4.1",
      "react-native-screens": "~3.18.0",
      "react-native-web": "~0.18.9"
    },
    "devDependencies": {
      "@babel/core": "^7.12.9",
      "@types/react": "~18.0.24",
      "@types/react-native": "~0.70.6",
      "jest": "^26.6.3",
      "jest-expo": "~47.0.1",
      "react-test-renderer": "18.1.0",
      "typescript": "^4.6.3"
    },
    "private": true
  }

yarn manifest: 
  No manifest

Lockfile: 
  No lockfile
